2022/02/03 23:55:20 {"caller":["/Volumes/Archive/Tutorial/go/go-programming-tour-book/blog-service/main.go: 28 main.init.0"],"level":"info","message":"my: go-programming-tour-book/blog-service","time":1643903720858471000}
2022/02/03 23:55:20 {"caller":["/Volumes/Archive/Tutorial/go/go-programming-tour-book/blog-service/main.go: 28 main.init.0"],"level":"info","message":"my: go-programming-tour-book/blog-service","time":1643903720858471000}
2022/02/03 23:58:40 {"caller":["/Volumes/Archive/Tutorial/go/go-programming-tour-book/blog-service/main.go: 28 main.init.0"],"level":"info","message":"my: go-programming-tour-book/blog-service","time":1643903920576412000}
2022/02/03 23:58:40 {"caller":["/Volumes/Archive/Tutorial/go/go-programming-tour-book/blog-service/main.go: 28 main.init.0"],"level":"info","message":"my: go-programming-tour-book/blog-service","time":1643903920576412000}
2022/02/04 15:31:22 {"caller":["/Volumes/Archive/Tutorial/go/go-programming-tour-book/blog-service/main.go: 28 main.init.0"],"level":"info","message":"my: go-programming-tour-book/blog-service","time":1643959882912352000}
2022/02/04 15:31:22 {"caller":["/Volumes/Archive/Tutorial/go/go-programming-tour-book/blog-service/main.go: 28 main.init.0"],"level":"info","message":"my: go-programming-tour-book/blog-service","time":1643959882912352000}
2022/02/04 15:34:20 {"caller":["/Volumes/Archive/Tutorial/go/go-programming-tour-book/blog-service/main.go: 28 main.init.0"],"level":"info","message":"my: go-programming-tour-book/blog-service","time":1643960060261468000}
2022/02/04 15:34:20 {"caller":["/Volumes/Archive/Tutorial/go/go-programming-tour-book/blog-service/main.go: 28 main.init.0"],"level":"info","message":"my: go-programming-tour-book/blog-service","time":1643960060261468000}
2022/02/04 15:35:32 {"caller":["/Volumes/Archive/Tutorial/go/go-programming-tour-book/blog-service/main.go: 28 main.init.0"],"level":"info","message":"my: go-programming-tour-book/blog-service","time":1643960132012549000}
2022/02/04 15:35:32 {"caller":["/Volumes/Archive/Tutorial/go/go-programming-tour-book/blog-service/main.go: 28 main.init.0"],"level":"info","message":"my: go-programming-tour-book/blog-service","time":1643960132012549000}
2022/02/04 20:02:14 {"caller":["/Volumes/Archive/Tutorial/go/go-programming-tour-book/blog-service/main.go: 28 main.init.0"],"level":"info","message":"my: go-programming-tour-book/blog-service","time":1643976134518943000}
2022/02/04 20:02:14 {"caller":["/Volumes/Archive/Tutorial/go/go-programming-tour-book/blog-service/main.go: 28 main.init.0"],"level":"info","message":"my: go-programming-tour-book/blog-service","time":1643976134518943000}
2022/02/04 20:09:35 {"caller":["/Volumes/Archive/Tutorial/go/go-programming-tour-book/blog-service/main.go: 28 main.init.0"],"level":"info","message":"my: go-programming-tour-book/blog-service","time":1643976575848309000}
2022/02/04 20:09:35 {"caller":["/Volumes/Archive/Tutorial/go/go-programming-tour-book/blog-service/main.go: 28 main.init.0"],"level":"info","message":"my: go-programming-tour-book/blog-service","time":1643976575848309000}
2022/02/04 20:10:08 {"caller":["/Volumes/Archive/Tutorial/go/go-programming-tour-book/blog-service/main.go: 28 main.init.0"],"level":"info","message":"my: go-programming-tour-book/blog-service","time":1643976608991496000}
2022/02/04 20:10:08 {"caller":["/Volumes/Archive/Tutorial/go/go-programming-tour-book/blog-service/main.go: 28 main.init.0"],"level":"info","message":"my: go-programming-tour-book/blog-service","time":1643976608991496000}
2022/02/04 22:10:36 {"caller":["/Volumes/Archive/Tutorial/go/go-programming-tour-book/blog-service/main.go: 28 main.init.0"],"level":"info","message":"my: go-programming-tour-book/blog-service","time":1643983836509955000}
2022/02/04 22:10:36 {"caller":["/Volumes/Archive/Tutorial/go/go-programming-tour-book/blog-service/main.go: 28 main.init.0"],"level":"info","message":"my: go-programming-tour-book/blog-service","time":1643983836509955000}
2022/02/04 22:12:56 {"caller":["/Volumes/Archive/Tutorial/go/go-programming-tour-book/blog-service/main.go: 28 main.init.0"],"level":"warn","message":"app.BindAndValid err: [State必须是[0 1]中的一个]\n","time":1643983976021466000}
2022/02/04 22:12:56 {"caller":["/Volumes/Archive/Tutorial/go/go-programming-tour-book/blog-service/main.go: 28 main.init.0"],"level":"warn","message":"app.BindAndValid err: [State必须是[0 1]中的一个]\n","time":1643983976021466000}
2022/02/04 22:13:23 {"caller":["/Volumes/Archive/Tutorial/go/go-programming-tour-book/blog-service/main.go: 28 main.init.0"],"level":"info","message":"my: go-programming-tour-book/blog-service","time":1643984003493360000}
2022/02/04 22:13:23 {"caller":["/Volumes/Archive/Tutorial/go/go-programming-tour-book/blog-service/main.go: 28 main.init.0"],"level":"info","message":"my: go-programming-tour-book/blog-service","time":1643984003493360000}
2022/02/04 22:13:34 {"caller":["/Volumes/Archive/Tutorial/go/go-programming-tour-book/blog-service/main.go: 28 main.init.0"],"level":"warn","message":"app.BindAndValid err: [State必须是[0 1]中的一个]\n","time":1643984014015434000}
2022/02/04 22:13:34 {"caller":["/Volumes/Archive/Tutorial/go/go-programming-tour-book/blog-service/main.go: 28 main.init.0"],"level":"warn","message":"app.BindAndValid err: [State必须是[0 1]中的一个]\n","time":1643984014015434000}
2022/02/04 22:13:52 {"caller":["/Volumes/Archive/Tutorial/go/go-programming-tour-book/blog-service/main.go: 28 main.init.0"],"level":"info","message":"my: go-programming-tour-book/blog-service","time":1643984032553251000}
2022/02/04 22:13:52 {"caller":["/Volumes/Archive/Tutorial/go/go-programming-tour-book/blog-service/main.go: 28 main.init.0"],"level":"info","message":"my: go-programming-tour-book/blog-service","time":1643984032553251000}
2022/02/04 22:14:12 {"caller":["/Volumes/Archive/Tutorial/go/go-programming-tour-book/blog-service/main.go: 28 main.init.0"],"level":"warn","message":"app.BindAndValid err: [State必须是[0 1]中的一个]\n","time":1643984052057849000}
2022/02/04 22:14:12 {"caller":["/Volumes/Archive/Tutorial/go/go-programming-tour-book/blog-service/main.go: 28 main.init.0"],"level":"warn","message":"app.BindAndValid err: [State必须是[0 1]中的一个]\n","time":1643984052057849000}
2022/02/04 22:17:11 {"caller":["/Volumes/Archive/Tutorial/go/go-programming-tour-book/blog-service/main.go: 28 main.init.0"],"level":"info","message":"my: go-programming-tour-book/blog-service","time":1643984231193082000}
2022/02/04 22:17:11 {"caller":["/Volumes/Archive/Tutorial/go/go-programming-tour-book/blog-service/main.go: 28 main.init.0"],"level":"info","message":"my: go-programming-tour-book/blog-service","time":1643984231193082000}
2022/02/04 22:17:36 {"caller":["/Volumes/Archive/Tutorial/go/go-programming-tour-book/blog-service/main.go: 28 main.init.0"],"level":"error","message":"app.BindAndValid err: [State必须是[0 1]中的一个]\n","time":1643984256889047000}
2022/02/04 22:17:36 {"caller":["/Volumes/Archive/Tutorial/go/go-programming-tour-book/blog-service/main.go: 28 main.init.0"],"level":"error","message":"app.BindAndValid err: [State必须是[0 1]中的一个]\n","time":1643984256889047000}
2022/02/05 01:36:36 {"caller":["/Volumes/Archive/Tutorial/go/go-programming-tour-book/blog-service/main.go: 28 main.init.0"],"level":"info","message":"my: go-programming-tour-book/blog-service","time":1643996196083210000}
2022/02/05 01:36:36 {"caller":["/Volumes/Archive/Tutorial/go/go-programming-tour-book/blog-service/main.go: 28 main.init.0"],"level":"info","message":"my: go-programming-tour-book/blog-service","time":1643996196083210000}
2022/02/05 01:37:43 {"caller":["/Volumes/Archive/Tutorial/go/go-programming-tour-book/blog-service/main.go: 28 main.init.0"],"level":"error","message":"app.BindAndValid err: [Name为必填字段 CreatedBy为必填字段]\n","time":1643996263026291000}
2022/02/05 01:37:43 {"caller":["/Volumes/Archive/Tutorial/go/go-programming-tour-book/blog-service/main.go: 28 main.init.0"],"level":"error","message":"app.BindAndValid err: [Name为必填字段 CreatedBy为必填字段]\n","time":1643996263026291000}
2022/02/05 01:39:18 {"caller":["/Volumes/Archive/Tutorial/go/go-programming-tour-book/blog-service/main.go: 28 main.init.0"],"level":"error","message":"app.BindAndValid err: [Name为必填字段 CreatedBy为必填字段]\n","time":1643996358624014000}
2022/02/05 01:39:18 {"caller":["/Volumes/Archive/Tutorial/go/go-programming-tour-book/blog-service/main.go: 28 main.init.0"],"level":"error","message":"app.BindAndValid err: [Name为必填字段 CreatedBy为必填字段]\n","time":1643996358624014000}
2022/02/05 01:42:06 {"caller":["/Volumes/Archive/Tutorial/go/go-programming-tour-book/blog-service/main.go: 28 main.init.0"],"level":"error","message":"app.BindAndValid err: [Name为必填字段 CreatedBy为必填字段]\n","time":1643996526470395000}
2022/02/05 01:42:06 {"caller":["/Volumes/Archive/Tutorial/go/go-programming-tour-book/blog-service/main.go: 28 main.init.0"],"level":"error","message":"app.BindAndValid err: [Name为必填字段 CreatedBy为必填字段]\n","time":1643996526470395000}
2022/02/05 01:42:27 {"caller":["/Volumes/Archive/Tutorial/go/go-programming-tour-book/blog-service/main.go: 28 main.init.0"],"level":"error","message":"app.BindAndValid err: [Name为必填字段 CreatedBy为必填字段]\n","time":1643996547062006000}
2022/02/05 01:42:27 {"caller":["/Volumes/Archive/Tutorial/go/go-programming-tour-book/blog-service/main.go: 28 main.init.0"],"level":"error","message":"app.BindAndValid err: [Name为必填字段 CreatedBy为必填字段]\n","time":1643996547062006000}
2022/02/05 01:47:58 {"caller":["/Volumes/Archive/Tutorial/go/go-programming-tour-book/blog-service/main.go: 28 main.init.0"],"level":"error","message":"app.BindAndValid err: [Name为必填字段 CreatedBy为必填字段]\n","time":1643996878521489000}
2022/02/05 01:47:58 {"caller":["/Volumes/Archive/Tutorial/go/go-programming-tour-book/blog-service/main.go: 28 main.init.0"],"level":"error","message":"app.BindAndValid err: [Name为必填字段 CreatedBy为必填字段]\n","time":1643996878521489000}
2022/02/05 01:52:02 {"caller":["/Volumes/Archive/Tutorial/go/go-programming-tour-book/blog-service/main.go: 28 main.init.0"],"level":"info","message":"my: go-programming-tour-book/blog-service","time":1643997122675312000}
2022/02/05 01:52:02 {"caller":["/Volumes/Archive/Tutorial/go/go-programming-tour-book/blog-service/main.go: 28 main.init.0"],"level":"info","message":"my: go-programming-tour-book/blog-service","time":1643997122675312000}
2022/02/05 01:52:11 {"caller":["/Volumes/Archive/Tutorial/go/go-programming-tour-book/blog-service/main.go: 28 main.init.0"],"level":"error","message":"app.BindAndValid err: [Name长度必须至少为3个字符]\n","time":1643997131503345000}
2022/02/05 01:52:11 {"caller":["/Volumes/Archive/Tutorial/go/go-programming-tour-book/blog-service/main.go: 28 main.init.0"],"level":"error","message":"app.BindAndValid err: [Name长度必须至少为3个字符]\n","time":1643997131503345000}
2022/02/05 01:52:57 {"caller":["/Volumes/Archive/Tutorial/go/go-programming-tour-book/blog-service/main.go: 28 main.init.0"],"level":"info","message":"my: go-programming-tour-book/blog-service","time":1643997177038267000}
2022/02/05 01:52:57 {"caller":["/Volumes/Archive/Tutorial/go/go-programming-tour-book/blog-service/main.go: 28 main.init.0"],"level":"info","message":"my: go-programming-tour-book/blog-service","time":1643997177038267000}
2022/02/05 01:55:13 {"caller":["/Volumes/Archive/Tutorial/go/go-programming-tour-book/blog-service/main.go: 28 main.init.0"],"level":"info","message":"my: go-programming-tour-book/blog-service","time":1643997313619727000}
2022/02/05 01:55:13 {"caller":["/Volumes/Archive/Tutorial/go/go-programming-tour-book/blog-service/main.go: 28 main.init.0"],"level":"info","message":"my: go-programming-tour-book/blog-service","time":1643997313619727000}
2022/02/05 15:12:42 {"caller":["/Volumes/Archive/Tutorial/go/go-programming-tour-book/blog-service/main.go: 28 main.init.0"],"level":"info","message":"my: go-programming-tour-book/blog-service","time":1644045162744666000}
2022/02/05 15:12:42 {"caller":["/Volumes/Archive/Tutorial/go/go-programming-tour-book/blog-service/main.go: 28 main.init.0"],"level":"info","message":"my: go-programming-tour-book/blog-service","time":1644045162744666000}
2022/02/05 15:15:57 {"caller":["/Volumes/Archive/Tutorial/go/go-programming-tour-book/blog-service/main.go: 28 main.init.0"],"level":"info","message":"my: go-programming-tour-book/blog-service","time":1644045357082649000}
2022/02/05 15:15:57 {"caller":["/Volumes/Archive/Tutorial/go/go-programming-tour-book/blog-service/main.go: 28 main.init.0"],"level":"info","message":"my: go-programming-tour-book/blog-service","time":1644045357082649000}
2022/02/05 15:16:03 {"caller":["/Volumes/Archive/Tutorial/go/go-programming-tour-book/blog-service/main.go: 28 main.init.0"],"level":"error","message":"app.BindAndValid err: [State为必填字段 Name长度必须至少为2个字符]\n","time":1644045363657413000}
2022/02/05 15:16:03 {"caller":["/Volumes/Archive/Tutorial/go/go-programming-tour-book/blog-service/main.go: 28 main.init.0"],"level":"error","message":"app.BindAndValid err: [State为必填字段 Name长度必须至少为2个字符]\n","time":1644045363657413000}
2022/02/05 15:16:51 {"caller":["/Volumes/Archive/Tutorial/go/go-programming-tour-book/blog-service/main.go: 28 main.init.0"],"level":"error","message":"app.BindAndValid err: [Name长度必须至少为2个字符 State为必填字段]\n","time":1644045411251752000}
2022/02/05 15:16:51 {"caller":["/Volumes/Archive/Tutorial/go/go-programming-tour-book/blog-service/main.go: 28 main.init.0"],"level":"error","message":"app.BindAndValid err: [Name长度必须至少为2个字符 State为必填字段]\n","time":1644045411251752000}
2022/02/05 15:18:44 {"caller":["/Volumes/Archive/Tutorial/go/go-programming-tour-book/blog-service/main.go: 28 main.init.0"],"level":"info","message":"my: go-programming-tour-book/blog-service","time":1644045524662613000}
2022/02/05 15:18:44 {"caller":["/Volumes/Archive/Tutorial/go/go-programming-tour-book/blog-service/main.go: 28 main.init.0"],"level":"info","message":"my: go-programming-tour-book/blog-service","time":1644045524662613000}
2022/02/05 15:18:50 {"caller":["/Volumes/Archive/Tutorial/go/go-programming-tour-book/blog-service/main.go: 28 main.init.0"],"level":"error","message":"app.BindAndValid err: [Name长度必须至少为2个字符]\n","time":1644045530220742000}
2022/02/05 15:18:50 {"caller":["/Volumes/Archive/Tutorial/go/go-programming-tour-book/blog-service/main.go: 28 main.init.0"],"level":"error","message":"app.BindAndValid err: [Name长度必须至少为2个字符]\n","time":1644045530220742000}
2022/02/05 15:21:46 {"caller":["/Volumes/Archive/Tutorial/go/go-programming-tour-book/blog-service/main.go: 28 main.init.0"],"level":"info","message":"my: go-programming-tour-book/blog-service","time":1644045706327135000}
2022/02/05 15:21:46 {"caller":["/Volumes/Archive/Tutorial/go/go-programming-tour-book/blog-service/main.go: 28 main.init.0"],"level":"info","message":"my: go-programming-tour-book/blog-service","time":1644045706327135000}
2022/02/05 15:21:53 {"caller":["/Volumes/Archive/Tutorial/go/go-programming-tour-book/blog-service/main.go: 28 main.init.0"],"level":"error","message":"svc.UpdateTag err: sql: expected 7 arguments, got 6","time":1644045713610256000}
2022/02/05 15:21:53 {"caller":["/Volumes/Archive/Tutorial/go/go-programming-tour-book/blog-service/main.go: 28 main.init.0"],"level":"error","message":"svc.UpdateTag err: sql: expected 7 arguments, got 6","time":1644045713610256000}
2022/02/05 15:22:48 {"caller":["/Volumes/Archive/Tutorial/go/go-programming-tour-book/blog-service/main.go: 28 main.init.0"],"level":"info","message":"my: go-programming-tour-book/blog-service","time":1644045768389358000}
2022/02/05 15:22:48 {"caller":["/Volumes/Archive/Tutorial/go/go-programming-tour-book/blog-service/main.go: 28 main.init.0"],"level":"info","message":"my: go-programming-tour-book/blog-service","time":1644045768389358000}
2022/02/07 14:55:37 {"caller":["/Volumes/Archive/Tutorial/go/go-programming-tour-book/blog-service/main.go: 28 main.init.0"],"level":"info","message":"my: go-programming-tour-book/blog-service","time":1644216937980343000}
2022/02/07 14:55:37 {"caller":["/Volumes/Archive/Tutorial/go/go-programming-tour-book/blog-service/main.go: 28 main.init.0"],"level":"info","message":"my: go-programming-tour-book/blog-service","time":1644216937980343000}
2022/02/07 15:01:48 {"caller":["/Volumes/Archive/Tutorial/go/go-programming-tour-book/blog-service/main.go: 28 main.init.0"],"level":"info","message":"my: go-programming-tour-book/blog-service","time":1644217308944106000}
2022/02/07 15:01:48 {"caller":["/Volumes/Archive/Tutorial/go/go-programming-tour-book/blog-service/main.go: 28 main.init.0"],"level":"info","message":"my: go-programming-tour-book/blog-service","time":1644217308944106000}
2022/02/07 15:15:28 {"caller":["/Volumes/Archive/Tutorial/go/go-programming-tour-book/blog-service/main.go: 28 main.init.0"],"level":"error","message":"svc.UploadFile err: exceeded maximum file limit.","time":1644218128504481000}
2022/02/07 15:15:28 {"caller":["/Volumes/Archive/Tutorial/go/go-programming-tour-book/blog-service/main.go: 28 main.init.0"],"level":"error","message":"svc.UploadFile err: exceeded maximum file limit.","time":1644218128504481000}
2022/02/07 15:18:06 {"caller":["/Volumes/Archive/Tutorial/go/go-programming-tour-book/blog-service/main.go: 28 main.init.0"],"level":"info","message":"my: go-programming-tour-book/blog-service","time":1644218286817732000}
2022/02/07 15:18:06 {"caller":["/Volumes/Archive/Tutorial/go/go-programming-tour-book/blog-service/main.go: 28 main.init.0"],"level":"info","message":"my: go-programming-tour-book/blog-service","time":1644218286817732000}
2022/02/07 15:18:12 {"caller":["/Volumes/Archive/Tutorial/go/go-programming-tour-book/blog-service/main.go: 28 main.init.0"],"level":"error","message":"svc.UploadFile err: exceeded maximum file limit.","time":1644218292127450000}
2022/02/07 15:18:12 {"caller":["/Volumes/Archive/Tutorial/go/go-programming-tour-book/blog-service/main.go: 28 main.init.0"],"level":"error","message":"svc.UploadFile err: exceeded maximum file limit.","time":1644218292127450000}
2022/02/07 15:18:41 {"caller":["/Volumes/Archive/Tutorial/go/go-programming-tour-book/blog-service/main.go: 28 main.init.0"],"level":"error","message":"svc.UploadFile err: exceeded maximum file limit.","time":1644218321610399000}
2022/02/07 15:18:41 {"caller":["/Volumes/Archive/Tutorial/go/go-programming-tour-book/blog-service/main.go: 28 main.init.0"],"level":"error","message":"svc.UploadFile err: exceeded maximum file limit.","time":1644218321610399000}
2022/02/07 15:18:49 {"caller":["/Volumes/Archive/Tutorial/go/go-programming-tour-book/blog-service/main.go: 28 main.init.0"],"level":"info","message":"my: go-programming-tour-book/blog-service","time":1644218329834064000}
2022/02/07 15:18:49 {"caller":["/Volumes/Archive/Tutorial/go/go-programming-tour-book/blog-service/main.go: 28 main.init.0"],"level":"info","message":"my: go-programming-tour-book/blog-service","time":1644218329834064000}
2022/02/07 16:16:58 {"caller":["/Volumes/Archive/Tutorial/go/go-programming-tour-book/blog-service/main.go: 28 main.init.0"],"level":"info","message":"my: go-programming-tour-book/blog-service","time":1644221818724405000}
2022/02/07 16:16:58 {"caller":["/Volumes/Archive/Tutorial/go/go-programming-tour-book/blog-service/main.go: 28 main.init.0"],"level":"info","message":"my: go-programming-tour-book/blog-service","time":1644221818724405000}
2022/02/07 16:19:31 {"caller":["/Volumes/Archive/Tutorial/go/go-programming-tour-book/blog-service/main.go: 28 main.init.0"],"level":"error","message":"app.BindAndValid err: [AppSecret为必填字段 AppKey为必填字段]","time":1644221971672445000}
2022/02/07 16:19:31 {"caller":["/Volumes/Archive/Tutorial/go/go-programming-tour-book/blog-service/main.go: 28 main.init.0"],"level":"error","message":"app.BindAndValid err: [AppSecret为必填字段 AppKey为必填字段]","time":1644221971672445000}
2022/02/07 16:20:06 {"caller":["/Volumes/Archive/Tutorial/go/go-programming-tour-book/blog-service/main.go: 28 main.init.0"],"level":"info","message":"my: go-programming-tour-book/blog-service","time":1644222006190775000}
2022/02/07 16:20:06 {"caller":["/Volumes/Archive/Tutorial/go/go-programming-tour-book/blog-service/main.go: 28 main.init.0"],"level":"info","message":"my: go-programming-tour-book/blog-service","time":1644222006190775000}
2022/02/07 16:20:23 {"caller":["/Volumes/Archive/Tutorial/go/go-programming-tour-book/blog-service/main.go: 28 main.init.0"],"level":"error","message":"app.BindAndValid err: [AppKey为必填字段 AppSecret为必填字段]","time":1644222023464322000}
2022/02/07 16:20:23 {"caller":["/Volumes/Archive/Tutorial/go/go-programming-tour-book/blog-service/main.go: 28 main.init.0"],"level":"error","message":"app.BindAndValid err: [AppKey为必填字段 AppSecret为必填字段]","time":1644222023464322000}
2022/02/07 16:22:27 {"caller":["/Volumes/Archive/Tutorial/go/go-programming-tour-book/blog-service/main.go: 28 main.init.0"],"level":"info","message":"my: go-programming-tour-book/blog-service","time":1644222147473666000}
2022/02/07 16:22:27 {"caller":["/Volumes/Archive/Tutorial/go/go-programming-tour-book/blog-service/main.go: 28 main.init.0"],"level":"info","message":"my: go-programming-tour-book/blog-service","time":1644222147473666000}
2022/02/07 16:22:41 {"caller":["/Volumes/Archive/Tutorial/go/go-programming-tour-book/blog-service/main.go: 28 main.init.0"],"level":"error","message":"app.BindAndValid err: [AppKey为必填字段 AppSecret为必填字段]","time":1644222161206652000}
2022/02/07 16:22:41 {"caller":["/Volumes/Archive/Tutorial/go/go-programming-tour-book/blog-service/main.go: 28 main.init.0"],"level":"error","message":"app.BindAndValid err: [AppKey为必填字段 AppSecret为必填字段]","time":1644222161206652000}
2022/02/07 16:27:17 {"caller":["/Volumes/Archive/Tutorial/go/go-programming-tour-book/blog-service/main.go: 28 main.init.0"],"level":"info","message":"my: go-programming-tour-book/blog-service","time":1644222437474117000}
2022/02/07 16:27:17 {"caller":["/Volumes/Archive/Tutorial/go/go-programming-tour-book/blog-service/main.go: 28 main.init.0"],"level":"info","message":"my: go-programming-tour-book/blog-service","time":1644222437474117000}
2022/02/07 16:27:21 {"caller":["/Volumes/Archive/Tutorial/go/go-programming-tour-book/blog-service/main.go: 28 main.init.0"],"level":"error","message":"app.BindAndValid err: [AppKey为必填字段 AppSecret为必填字段]\n","time":1644222441674486000}
2022/02/07 16:27:21 {"caller":["/Volumes/Archive/Tutorial/go/go-programming-tour-book/blog-service/main.go: 28 main.init.0"],"level":"error","message":"app.BindAndValid err: [AppKey为必填字段 AppSecret为必填字段]\n","time":1644222441674486000}
2022/02/07 16:29:18 {"caller":["/Volumes/Archive/Tutorial/go/go-programming-tour-book/blog-service/main.go: 28 main.init.0"],"level":"error","message":"app.BindAndValid err: [AppKey为必填字段 AppSecret为必填字段]\n","time":1644222558858542000}
2022/02/07 16:29:18 {"caller":["/Volumes/Archive/Tutorial/go/go-programming-tour-book/blog-service/main.go: 28 main.init.0"],"level":"error","message":"app.BindAndValid err: [AppKey为必填字段 AppSecret为必填字段]\n","time":1644222558858542000}
2022/02/07 16:52:51 {"caller":["/Volumes/Archive/Tutorial/go/go-programming-tour-book/blog-service/main.go: 28 main.init.0"],"level":"info","message":"my: go-programming-tour-book/blog-service","time":1644223971094251000}
2022/02/07 16:52:51 {"caller":["/Volumes/Archive/Tutorial/go/go-programming-tour-book/blog-service/main.go: 28 main.init.0"],"level":"info","message":"my: go-programming-tour-book/blog-service","time":1644223971094251000}
2022/02/09 11:02:14 {"caller":["/Volumes/Archive/Tutorial/go/go-programming-tour-book/blog-service/main.go: 28 main.init.0"],"level":"info","message":"my: go-programming-tour-book/blog-service","time":1644375734031469000}
2022/02/09 11:02:14 {"caller":["/Volumes/Archive/Tutorial/go/go-programming-tour-book/blog-service/main.go: 28 main.init.0"],"level":"info","message":"my: go-programming-tour-book/blog-service","time":1644375734031469000}
2022/02/09 11:02:54 {"caller":["/Volumes/Archive/Tutorial/go/go-programming-tour-book/blog-service/main.go: 28 main.init.0"],"level":"info","message":"my: go-programming-tour-book/blog-service","time":1644375774645691000}
2022/02/09 11:02:54 {"caller":["/Volumes/Archive/Tutorial/go/go-programming-tour-book/blog-service/main.go: 28 main.init.0"],"level":"info","message":"my: go-programming-tour-book/blog-service","time":1644375774645691000}
2022/02/09 11:03:02 {"caller":["/Volumes/Archive/Tutorial/go/go-programming-tour-book/blog-service/pkg/logger/logger.go: 94 github.com/go-programming-tour-book/blog-service/pkg/logger.(*Logger).WithCallersFrames","/Volumes/Archive/Tutorial/go/go-programming-tour-book/blog-service/internal/middleware/recovery.go: 30 github.com/go-programming-tour-book/blog-service/internal/middleware.Recovery.func1.1","/usr/local/opt/go/libexec/src/runtime/panic.go: 1047 runtime.gopanic","/Volumes/Archive/Tutorial/go/go-programming-tour-book/blog-service/internal/routers/api/v1/tag.go: 34 github.com/go-programming-tour-book/blog-service/internal/routers/api/v1.Tag.List","/Users/louzhenghao/go/pkg/mod/github.com/gin-gonic/gin@v1.7.7/context.go: 168 github.com/gin-gonic/gin.(*Context).Next","/Volumes/Archive/Tutorial/go/go-programming-tour-book/blog-service/internal/middleware/recovery.go: 42 github.com/go-programming-tour-book/blog-service/internal/middleware.Recovery.func1","/Users/louzhenghao/go/pkg/mod/github.com/gin-gonic/gin@v1.7.7/context.go: 168 github.com/gin-gonic/gin.(*Context).Next","/Volumes/Archive/Tutorial/go/go-programming-tour-book/blog-service/internal/middleware/access_log.go: 36 github.com/go-programming-tour-book/blog-service/internal/middleware.AccessLog.func1","/Users/louzhenghao/go/pkg/mod/github.com/gin-gonic/gin@v1.7.7/context.go: 168 github.com/gin-gonic/gin.(*Context).Next","/Volumes/Archive/Tutorial/go/go-programming-tour-book/blog-service/internal/middleware/translations.go: 35 github.com/go-programming-tour-book/blog-service/internal/middleware.Translations.func1","/Users/louzhenghao/go/pkg/mod/github.com/gin-gonic/gin@v1.7.7/context.go: 168 github.com/gin-gonic/gin.(*Context).Next","/Users/louzhenghao/go/pkg/mod/github.com/gin-gonic/gin@v1.7.7/recovery.go: 99 github.com/gin-gonic/gin.CustomRecoveryWithWriter.func1","/Users/louzhenghao/go/pkg/mod/github.com/gin-gonic/gin@v1.7.7/context.go: 168 github.com/gin-gonic/gin.(*Context).Next","/Users/louzhenghao/go/pkg/mod/github.com/gin-gonic/gin@v1.7.7/logger.go: 241 github.com/gin-gonic/gin.LoggerWithConfig.func1","/Users/louzhenghao/go/pkg/mod/github.com/gin-gonic/gin@v1.7.7/context.go: 168 github.com/gin-gonic/gin.(*Context).Next","/Users/louzhenghao/go/pkg/mod/github.com/gin-gonic/gin@v1.7.7/gin.go: 555 github.com/gin-gonic/gin.(*Engine).handleHTTPRequest","/Users/louzhenghao/go/pkg/mod/github.com/gin-gonic/gin@v1.7.7/gin.go: 511 github.com/gin-gonic/gin.(*Engine).ServeHTTP","/usr/local/opt/go/libexec/src/net/http/server.go: 2879 net/http.serverHandler.ServeHTTP","/usr/local/opt/go/libexec/src/net/http/server.go: 1930 net/http.(*conn).serve"],"level":"error","message":"panic recover err: injected err!","time":1644375782754086000}
2022/02/09 11:03:02 {"caller":["/Volumes/Archive/Tutorial/go/go-programming-tour-book/blog-service/pkg/logger/logger.go: 94 github.com/go-programming-tour-book/blog-service/pkg/logger.(*Logger).WithCallersFrames","/Volumes/Archive/Tutorial/go/go-programming-tour-book/blog-service/internal/middleware/recovery.go: 30 github.com/go-programming-tour-book/blog-service/internal/middleware.Recovery.func1.1","/usr/local/opt/go/libexec/src/runtime/panic.go: 1047 runtime.gopanic","/Volumes/Archive/Tutorial/go/go-programming-tour-book/blog-service/internal/routers/api/v1/tag.go: 34 github.com/go-programming-tour-book/blog-service/internal/routers/api/v1.Tag.List","/Users/louzhenghao/go/pkg/mod/github.com/gin-gonic/gin@v1.7.7/context.go: 168 github.com/gin-gonic/gin.(*Context).Next","/Volumes/Archive/Tutorial/go/go-programming-tour-book/blog-service/internal/middleware/recovery.go: 42 github.com/go-programming-tour-book/blog-service/internal/middleware.Recovery.func1","/Users/louzhenghao/go/pkg/mod/github.com/gin-gonic/gin@v1.7.7/context.go: 168 github.com/gin-gonic/gin.(*Context).Next","/Volumes/Archive/Tutorial/go/go-programming-tour-book/blog-service/internal/middleware/access_log.go: 36 github.com/go-programming-tour-book/blog-service/internal/middleware.AccessLog.func1","/Users/louzhenghao/go/pkg/mod/github.com/gin-gonic/gin@v1.7.7/context.go: 168 github.com/gin-gonic/gin.(*Context).Next","/Volumes/Archive/Tutorial/go/go-programming-tour-book/blog-service/internal/middleware/translations.go: 35 github.com/go-programming-tour-book/blog-service/internal/middleware.Translations.func1","/Users/louzhenghao/go/pkg/mod/github.com/gin-gonic/gin@v1.7.7/context.go: 168 github.com/gin-gonic/gin.(*Context).Next","/Users/louzhenghao/go/pkg/mod/github.com/gin-gonic/gin@v1.7.7/recovery.go: 99 github.com/gin-gonic/gin.CustomRecoveryWithWriter.func1","/Users/louzhenghao/go/pkg/mod/github.com/gin-gonic/gin@v1.7.7/context.go: 168 github.com/gin-gonic/gin.(*Context).Next","/Users/louzhenghao/go/pkg/mod/github.com/gin-gonic/gin@v1.7.7/logger.go: 241 github.com/gin-gonic/gin.LoggerWithConfig.func1","/Users/louzhenghao/go/pkg/mod/github.com/gin-gonic/gin@v1.7.7/context.go: 168 github.com/gin-gonic/gin.(*Context).Next","/Users/louzhenghao/go/pkg/mod/github.com/gin-gonic/gin@v1.7.7/gin.go: 555 github.com/gin-gonic/gin.(*Engine).handleHTTPRequest","/Users/louzhenghao/go/pkg/mod/github.com/gin-gonic/gin@v1.7.7/gin.go: 511 github.com/gin-gonic/gin.(*Engine).ServeHTTP","/usr/local/opt/go/libexec/src/net/http/server.go: 2879 net/http.serverHandler.ServeHTTP","/usr/local/opt/go/libexec/src/net/http/server.go: 1930 net/http.(*conn).serve"],"level":"error","message":"panic recover err: injected err!","time":1644375782754086000}
2022/02/09 11:03:04 {"caller":["/Volumes/Archive/Tutorial/go/go-programming-tour-book/blog-service/main.go: 28 main.init.0"],"level":"info","message":"access log: method: GET, status_code: 500, begin_time: 1644375782, end_time: 1644375784","request":"","response":"{\"code\":10000000,\"msg\":\"internal server err\"}","time":1644375784013071000}
2022/02/09 11:03:04 {"caller":["/Volumes/Archive/Tutorial/go/go-programming-tour-book/blog-service/main.go: 28 main.init.0"],"level":"info","message":"access log: method: GET, status_code: 500, begin_time: 1644375782, end_time: 1644375784","request":"","response":"{\"code\":10000000,\"msg\":\"internal server err\"}","time":1644375784013071000}
2022/02/10 11:23:31 {"caller":["/Volumes/Archive/Tutorial/go/go-programming-tour-book/blog-service/main.go: 41 main.init.0"],"level":"info","message":"my: go-programming-tour-book/blog-service","time":1644463411444167000}
2022/02/10 11:23:31 {"caller":["/Volumes/Archive/Tutorial/go/go-programming-tour-book/blog-service/main.go: 41 main.init.0"],"level":"info","message":"my: go-programming-tour-book/blog-service","time":1644463411444167000}
